Tue Apr 18 14:55:26 AEST 2017 : Apache Derby Network Server - 10.11.1.2 - (1629631) started and ready to accept connections on port 1527
----------------------------------------------------------------
Tue Apr 18 14:55:27 AEST 2017:
Booting Derby version The Apache Software Foundation - Apache Derby - 10.11.1.2 - (1629631): instance a816c00e-015b-7f6a-554a-0000022b77cc 
on database directory /Users/YuanZhan/Desktop/HotelBB/HiltonDB with class loader sun.misc.Launcher$AppClassLoader@6f94fa3e 
Loaded from file:/Library/Java/JavaVirtualMachines/jdk1.8.0_101.jdk/Contents/Home/db/lib/derby.jar
java.vendor=Oracle Corporation
java.runtime.version=1.8.0_101-b13
user.dir=/Library/Java/JavaVirtualMachines/jdk1.8.0_101.jdk/Contents/Home/db
os.name=Mac OS X
os.arch=x86_64
os.version=10.11.6
derby.system.home=/Users/YuanZhan/Desktop/HotelBB
Database Class Loader started - derby.database.classpath=''
----------------------------------------------------------------
Tue Apr 18 14:55:28 AEST 2017:
Booting Derby version The Apache Software Foundation - Apache Derby - 10.11.1.2 - (1629631): instance a094c023-015b-7f6a-554a-0000022b77cc 
on database directory /Users/YuanZhan/Desktop/HotelBB/RegentDB with class loader sun.misc.Launcher$AppClassLoader@6f94fa3e 
Loaded from file:/Library/Java/JavaVirtualMachines/jdk1.8.0_101.jdk/Contents/Home/db/lib/derby.jar
java.vendor=Oracle Corporation
java.runtime.version=1.8.0_101-b13
user.dir=/Library/Java/JavaVirtualMachines/jdk1.8.0_101.jdk/Contents/Home/db
os.name=Mac OS X
os.arch=x86_64
os.version=10.11.6
derby.system.home=/Users/YuanZhan/Desktop/HotelBB
Database Class Loader started - derby.database.classpath=''
----------------------------------------------------------------
Tue Apr 18 14:55:29 AEST 2017:
Booting Derby version The Apache Software Foundation - Apache Derby - 10.11.1.2 - (1629631): instance b9810038-015b-7f6a-554a-0000022b77cc 
on database directory /Users/YuanZhan/Desktop/HotelBB/WindsorDB with class loader sun.misc.Launcher$AppClassLoader@6f94fa3e 
Loaded from file:/Library/Java/JavaVirtualMachines/jdk1.8.0_101.jdk/Contents/Home/db/lib/derby.jar
java.vendor=Oracle Corporation
java.runtime.version=1.8.0_101-b13
user.dir=/Library/Java/JavaVirtualMachines/jdk1.8.0_101.jdk/Contents/Home/db
os.name=Mac OS X
os.arch=x86_64
os.version=10.11.6
derby.system.home=/Users/YuanZhan/Desktop/HotelBB
Database Class Loader started - derby.database.classpath=''
